<?xml version="1.0" encoding="UTF-8"?>
<!-- Generated by org.testng.reporters.JUnitReportReporter -->
<testsuite hostname="Hongzhous-MacBook-Pro.local" name="gitTestpac.gitTestClass" tests="1" failures="0" timestamp="22 May 2016 20:55:13 GMT" time="0.037" errors="0">
  <testcase name="testfun" time="0.037" classname="gitTestpac.gitTestClass"/>
</testsuite> <!-- gitTestpac.gitTestClass -->
